<?xml version="1.0" encoding="UTF-8"?>
<testng-results skipped="0" failed="1" ignored="0" total="1" passed="0">
  <reporter-output>
  </reporter-output>
  <suite name="Default suite" duration-ms="37571" started-at="2017-12-17T10:53:20Z" finished-at="2017-12-17T10:53:57Z">
    <groups>
    </groups>
    <test name="Default test" duration-ms="37571" started-at="2017-12-17T10:53:20Z" finished-at="2017-12-17T10:53:57Z">
      <class name="Test.GalenTestFramework">
        <test-method status="PASS" signature="launchApp()[pri:0, instance:Test.GalenTestFramework@e25b2fe]" name="launchApp" is-config="true" duration-ms="34439" started-at="2017-12-17T16:23:20Z" finished-at="2017-12-17T16:23:54Z">
          <reporter-output>
          </reporter-output>
        </test-method> <!-- launchApp -->
        <test-method status="FAIL" signature="homePageLayoutTest()[pri:0, instance:Test.GalenTestFramework@e25b2fe]" name="homePageLayoutTest" duration-ms="1926" started-at="2017-12-17T16:23:54Z" finished-at="2017-12-17T16:23:56Z">
          <exception class="java.lang.AssertionError">
            <message>
              <![CDATA[Header Layout test failed]]>
            </message>
            <full-stacktrace>
              <![CDATA[java.lang.AssertionError: Header Layout test failed
	at org.testng.Assert.fail(Assert.java:94)
	at Generic.GalenBaseClass.GalenReport(GalenBaseClass.java:39)
	at POM.GalenSampleHomePage.checkHomePageHeaderLayout(GalenSampleHomePage.java:8)
	at Test.GalenTestFramework.homePageLayoutTest(GalenTestFramework.java:20)
	at sun.reflect.NativeMethodAccessorImpl.invoke0(Native Method)
	at sun.reflect.NativeMethodAccessorImpl.invoke(NativeMethodAccessorImpl.java:62)
	at sun.reflect.DelegatingMethodAccessorImpl.invoke(DelegatingMethodAccessorImpl.java:43)
	at java.lang.reflect.Method.invoke(Method.java:498)
	at org.testng.internal.MethodInvocationHelper.invokeMethod(MethodInvocationHelper.java:104)
	at org.testng.internal.Invoker.invokeMethod(Invoker.java:645)
	at org.testng.internal.Invoker.invokeTestMethod(Invoker.java:851)
	at org.testng.internal.Invoker.invokeTestMethods(Invoker.java:1177)
	at org.testng.internal.TestMethodWorker.invokeTestMethods(TestMethodWorker.java:129)
	at org.testng.internal.TestMethodWorker.run(TestMethodWorker.java:112)
	at org.testng.TestRunner.privateRun(TestRunner.java:756)
	at org.testng.TestRunner.run(TestRunner.java:610)
	at org.testng.SuiteRunner.runTest(SuiteRunner.java:387)
	at org.testng.SuiteRunner.runSequentially(SuiteRunner.java:382)
	at org.testng.SuiteRunner.privateRun(SuiteRunner.java:340)
	at org.testng.SuiteRunner.run(SuiteRunner.java:289)
	at org.testng.SuiteRunnerWorker.runSuite(SuiteRunnerWorker.java:52)
	at org.testng.SuiteRunnerWorker.run(SuiteRunnerWorker.java:86)
	at org.testng.TestNG.runSuitesSequentially(TestNG.java:1293)
	at org.testng.TestNG.runSuitesLocally(TestNG.java:1218)
	at org.testng.TestNG.runSuites(TestNG.java:1133)
	at org.testng.TestNG.run(TestNG.java:1104)
	at org.testng.remote.AbstractRemoteTestNG.run(AbstractRemoteTestNG.java:114)
	at org.testng.remote.RemoteTestNG.initAndRun(RemoteTestNG.java:251)
	at org.testng.remote.RemoteTestNG.main(RemoteTestNG.java:77)
]]>
            </full-stacktrace>
          </exception> <!-- java.lang.AssertionError -->
          <reporter-output>
          </reporter-output>
        </test-method> <!-- homePageLayoutTest -->
        <test-method status="PASS" signature="tearDown()[pri:0, instance:Test.GalenTestFramework@e25b2fe]" name="tearDown" is-config="true" duration-ms="1176" started-at="2017-12-17T16:23:56Z" finished-at="2017-12-17T16:23:57Z">
          <reporter-output>
          </reporter-output>
        </test-method> <!-- tearDown -->
      </class> <!-- Test.GalenTestFramework -->
    </test> <!-- Default test -->
  </suite> <!-- Default suite -->
</testng-results>
